Using pre-set license
Built from '2020.3/release' branch; Version is '2020.3.1f1 (77a89f25062f) revision 7841951'; Using compiler version '192528614'; Build Type 'Release'
OS: 'Windows 10 Home; OS build 19042.928; Version 2009; 64bit' Language: 'en' Physical Memory: 24533 MB
BatchMode: 1, IsHumanControllingUs: 0, StartBugReporterOnCrash: 0, Is64bit: 1, IsPro: 0

 COMMAND LINE ARGUMENTS:
C:\Program Files\Unity\Hub\Editor\2020.3.1f1\Editor\Unity.exe
-adb2
-batchMode
-noUpm
-name
AssetImportWorker0
-projectPath
C:/Users/antho/Documents/671-Audio-Final/game/Enviroment
-logFile
Logs/AssetImportWorker0.log
-srvPort
52148
Successfully changed project path to: C:/Users/antho/Documents/671-Audio-Final/game/Enviroment
C:/Users/antho/Documents/671-Audio-Final/game/Enviroment
Using Asset Import Pipeline V2.
Refreshing native plugins compatible for Editor in 57.31 ms, found 2 plugins.
Preloading 0 native plugins for Editor in 0.00 ms.
Initialize engine version: 2020.3.1f1 (77a89f25062f)
[Subsystems] Discovering subsystems at path C:/Program Files/Unity/Hub/Editor/2020.3.1f1/Editor/Data/Resources/UnitySubsystems
[Subsystems] Discovering subsystems at path C:/Users/antho/Documents/671-Audio-Final/game/Enviroment/Assets
GfxDevice: creating device client; threaded=0
Direct3D:
    Version:  Direct3D 11.0 [level 11.1]
    Renderer: AMD Radeon (TM) R9 390 Series (ID=0x67b1)
    Vendor:   
    VRAM:     8168 MB
    Driver:   27.20.14533.1000
Initialize mono
Mono path[0] = 'C:/Program Files/Unity/Hub/Editor/2020.3.1f1/Editor/Data/Managed'
Mono path[1] = 'C:/Program Files/Unity/Hub/Editor/2020.3.1f1/Editor/Data/MonoBleedingEdge/lib/mono/unityjit'
Mono config path = 'C:/Program Files/Unity/Hub/Editor/2020.3.1f1/Editor/Data/MonoBleedingEdge/etc'
Using monoOptions --debugger-agent=transport=dt_socket,embedding=1,server=y,suspend=n,address=127.0.0.1:56072
Begin MonoManager ReloadAssembly
Registering precompiled unity dll's ...
Register platform support module: C:/Program Files/Unity/Hub/Editor/2020.3.1f1/Editor/Data/PlaybackEngines/WindowsStandaloneSupport/UnityEditor.WindowsStandalone.Extensions.dll
Registered in 0.001994 seconds.
Native extension for WindowsStandalone target not found
Refreshing native plugins compatible for Editor in 41.16 ms, found 2 plugins.
Preloading 0 native plugins for Editor in 0.00 ms.
Invoked RoslynAnalysisRunner static constructor.
RoslynAnalysisRunner will not be running.
RoslynAnalysisRunner has terminated.
Mono: successfully reloaded assembly
- Completed reload, in  0.948 seconds
Platform modules already initialized, skipping
Registering precompiled user dll's ...
Registered in 0.003334 seconds.
Begin MonoManager ReloadAssembly
Native extension for WindowsStandalone target not found
Refreshing native plugins compatible for Editor in 1.10 ms, found 2 plugins.
Preloading 0 native plugins for Editor in 0.00 ms.
Invoked RoslynAnalysisRunner static constructor.
RoslynAnalysisRunner will not be running.
RoslynAnalysisRunner has terminated.
RefreshInfo: StopAssetImportingV2(NoUpdateAssetOptions) scanfilter: 
RefreshProfiler: Total: 0.000ms
Mono: successfully reloaded assembly
- Completed reload, in  0.926 seconds
Platform modules already initialized, skipping
========================================================================
Worker process is ready to serve import requests
Launched and connected shader compiler UnityShaderCompiler.exe after 0.05 seconds
Refreshing native plugins compatible for Editor in 0.78 ms, found 2 plugins.
Preloading 0 native plugins for Editor in 0.00 ms.
Unloading 3 Unused Serialized files (Serialized files now loaded: 0)
System memory in use before: 118.8 MB.
System memory in use after: 118.8 MB.

Unloading 141 unused Assets to reduce memory usage. Loaded Objects now: 2263.
Total: 3.100000 ms (FindLiveObjects: 0.377200 ms CreateObjectMapping: 0.225000 ms MarkObjects: 2.231600 ms  DeleteObjects: 0.264800 ms)

========================================================================
Received Import Request.
  path: Assets/Plugins/FMOD/Resources/FMODStudioSettings.asset
  artifactKey: Guid(06b05cee957511e4eb61c2a3b3fd4877) Importer(815301076,1909f56bfc062723c751e8b465ee728b)
Start importing Assets/Plugins/FMOD/Resources/FMODStudioSettings.asset using Guid(06b05cee957511e4eb61c2a3b3fd4877) Importer(815301076,1909f56bfc062723c751e8b465ee728b)  -> (artifact id: 'd0cdeb74ca3f903575d9070f9789a0ce') in 0.062115 seconds
  Import took 0.065605 seconds .

========================================================================
Received Import Request.
  Time since last request: 752.159310 seconds.
  path: Assets/FPS
  artifactKey: Guid(50cf0c09de57fb64db657a17fd2dfc67) Importer(815301076,1909f56bfc062723c751e8b465ee728b)
Start importing Assets/FPS using Guid(50cf0c09de57fb64db657a17fd2dfc67) Importer(815301076,1909f56bfc062723c751e8b465ee728b)  -> (artifact id: '6fb9923591b5f92db50697fe10cba94a') in 0.010752 seconds
  Import took 0.016207 seconds .

========================================================================
Received Import Request.
  Time since last request: 0.004800 seconds.
  path: Assets/FPS
  artifactKey: Guid(50cf0c09de57fb64db657a17fd2dfc67) Importer(815301076,1909f56bfc062723c751e8b465ee728b)
Start importing Assets/FPS using Guid(50cf0c09de57fb64db657a17fd2dfc67) Importer(815301076,1909f56bfc062723c751e8b465ee728b)  -> (artifact id: '6fb9923591b5f92db50697fe10cba94a') in 0.003422 seconds
  Import took 0.008235 seconds .

========================================================================
Received Import Request.
  Time since last request: 0.845949 seconds.
  path: Assets/FPS/Art
  artifactKey: Guid(1e6659ad4e9fef64bbfd302c5e31496c) Importer(815301076,1909f56bfc062723c751e8b465ee728b)
Start importing Assets/FPS/Art using Guid(1e6659ad4e9fef64bbfd302c5e31496c) Importer(815301076,1909f56bfc062723c751e8b465ee728b)  -> (artifact id: '19197e42adca5a028ed30a8a1005386f') in 0.010183 seconds
  Import took 0.015683 seconds .

========================================================================
Received Import Request.
  Time since last request: 0.001197 seconds.
  path: Assets/FPS/Art
  artifactKey: Guid(1e6659ad4e9fef64bbfd302c5e31496c) Importer(815301076,1909f56bfc062723c751e8b465ee728b)
Start importing Assets/FPS/Art using Guid(1e6659ad4e9fef64bbfd302c5e31496c) Importer(815301076,1909f56bfc062723c751e8b465ee728b)  -> (artifact id: '19197e42adca5a028ed30a8a1005386f') in 0.002952 seconds
  Import took 0.008864 seconds .

========================================================================
Received Import Request.
  Time since last request: 1.706718 seconds.
  path: Assets/FPS/Art/Materials
  artifactKey: Guid(e55922e2388a0e84091d26e15709843f) Importer(815301076,1909f56bfc062723c751e8b465ee728b)
Start importing Assets/FPS/Art/Materials using Guid(e55922e2388a0e84091d26e15709843f) Importer(815301076,1909f56bfc062723c751e8b465ee728b)  -> (artifact id: '4ad8bb13209814bbd43057fe2f38393c') in 0.016313 seconds
  Import took 0.025356 seconds .

========================================================================
Received Import Request.
  Time since last request: 0.050943 seconds.
  path: Assets/FPS/Art/Materials/ObjectiveReachPoint.mat
  artifactKey: Guid(f7ca4b4869bf6e34c82313b54df6d8d4) Importer(815301076,1909f56bfc062723c751e8b465ee728b)
Start importing Assets/FPS/Art/Materials/ObjectiveReachPoint.mat using Guid(f7ca4b4869bf6e34c82313b54df6d8d4) Importer(815301076,1909f56bfc062723c751e8b465ee728b)  -> (artifact id: 'b9fac097e96cd94629ea89aea2005302') in 0.116687 seconds
  Import took 0.123019 seconds .

========================================================================
Received Import Request.
  Time since last request: 0.000151 seconds.
  path: Assets/FPS/Art/Materials/TrailDeath.mat
  artifactKey: Guid(a74eef6270cec6b4c9dfed0e7aa93cf6) Importer(815301076,1909f56bfc062723c751e8b465ee728b)
Start importing Assets/FPS/Art/Materials/TrailDeath.mat using Guid(a74eef6270cec6b4c9dfed0e7aa93cf6) Importer(815301076,1909f56bfc062723c751e8b465ee728b)  -> (artifact id: 'f04125a205b3d3bb7285378717e8837c') in 0.018943 seconds
  Import took 0.023360 seconds .

========================================================================
Received Import Request.
  Time since last request: 0.000189 seconds.
  path: Assets/FPS/Art/Materials/SpeedLine.mat
  artifactKey: Guid(51b4b159ffad18a408fe75b6f8ccbc2f) Importer(815301076,1909f56bfc062723c751e8b465ee728b)
Start importing Assets/FPS/Art/Materials/SpeedLine.mat using Guid(51b4b159ffad18a408fe75b6f8ccbc2f) Importer(815301076,1909f56bfc062723c751e8b465ee728b)  -> (artifact id: '98319b2fe898399c911235d429bed2e6') in 0.032865 seconds
  Import took 0.036807 seconds .

========================================================================
Received Import Request.
  Time since last request: 0.000283 seconds.
  path: Assets/FPS/Art/Materials/Skybox.mat
  artifactKey: Guid(dbc92a4fb93cbec44b044e6a6ea325ea) Importer(815301076,1909f56bfc062723c751e8b465ee728b)
Start importing Assets/FPS/Art/Materials/Skybox.mat using Guid(dbc92a4fb93cbec44b044e6a6ea325ea) Importer(815301076,1909f56bfc062723c751e8b465ee728b)  -> (artifact id: '75d9aa58f3c4bcdfd03832fdf9610ebb') in 0.035984 seconds
  Import took 0.041613 seconds .

========================================================================
Received Import Request.
  Time since last request: 4.182466 seconds.
  path: Assets/FPS/Art/Materials/Props
  artifactKey: Guid(88e353ea8ba7cbb47ba16d1509a59556) Importer(815301076,1909f56bfc062723c751e8b465ee728b)
Start importing Assets/FPS/Art/Materials/Props using Guid(88e353ea8ba7cbb47ba16d1509a59556) Importer(815301076,1909f56bfc062723c751e8b465ee728b)  -> (artifact id: '8564970ed2f7324e2321148a40e0be70') in 0.012275 seconds
  Import took 0.016869 seconds .

========================================================================
Received Import Request.
  Time since last request: 0.001097 seconds.
  path: Assets/FPS/Art/Materials/Props
  artifactKey: Guid(88e353ea8ba7cbb47ba16d1509a59556) Importer(815301076,1909f56bfc062723c751e8b465ee728b)
Start importing Assets/FPS/Art/Materials/Props using Guid(88e353ea8ba7cbb47ba16d1509a59556) Importer(815301076,1909f56bfc062723c751e8b465ee728b)  -> (artifact id: '8564970ed2f7324e2321148a40e0be70') in 0.004019 seconds
  Import took 0.008455 seconds .

========================================================================
Received Import Request.
  Time since last request: 0.074494 seconds.
  path: Assets/FPS/Art/Materials/Props/Jetpack.mat
  artifactKey: Guid(2163f1532b18af3478e39475952f1ae7) Importer(815301076,1909f56bfc062723c751e8b465ee728b)
Start importing Assets/FPS/Art/Materials/Props/Jetpack.mat using Guid(2163f1532b18af3478e39475952f1ae7) Importer(815301076,1909f56bfc062723c751e8b465ee728b)  -> (artifact id: 'cafda300a95feb3d68a536acd6de5dac') in 0.169492 seconds
  Import took 0.173124 seconds .

========================================================================
Received Import Request.
  Time since last request: 5.642828 seconds.
  path: Assets/FPS/Art/Textures
  artifactKey: Guid(7d3c788be66d72f4b8e172939e3a410d) Importer(815301076,1909f56bfc062723c751e8b465ee728b)
Start importing Assets/FPS/Art/Textures using Guid(7d3c788be66d72f4b8e172939e3a410d) Importer(815301076,1909f56bfc062723c751e8b465ee728b)  -> (artifact id: '84428e4e2434f092ced0917271c0f318') in 0.012716 seconds
  Import took 0.016710 seconds .

========================================================================
Received Import Request.
  Time since last request: 13.317167 seconds.
  path: Assets/FPS/Audio/Music
  artifactKey: Guid(c3757fa6bee8fee4fb6ee4623da674f9) Importer(815301076,1909f56bfc062723c751e8b465ee728b)
Start importing Assets/FPS/Audio/Music using Guid(c3757fa6bee8fee4fb6ee4623da674f9) Importer(815301076,1909f56bfc062723c751e8b465ee728b)  -> (artifact id: '16986f01a021431ad9e4af46b8ead408') in 0.013244 seconds
  Import took 0.020205 seconds .

========================================================================
Received Import Request.
  Time since last request: 0.009430 seconds.
  path: Assets/FPS/Audio/Music
  artifactKey: Guid(c3757fa6bee8fee4fb6ee4623da674f9) Importer(815301076,1909f56bfc062723c751e8b465ee728b)
Start importing Assets/FPS/Audio/Music using Guid(c3757fa6bee8fee4fb6ee4623da674f9) Importer(815301076,1909f56bfc062723c751e8b465ee728b)  -> (artifact id: '16986f01a021431ad9e4af46b8ead408') in 0.002831 seconds
  Import took 0.008148 seconds .

========================================================================
Received Import Request.
  Time since last request: 19.251312 seconds.
  path: Assets/FPS/Audio/Music/Wind Ambience.mp3
  artifactKey: Guid(d8003de4be5900347a2c96ef75315675) Importer(815301076,1909f56bfc062723c751e8b465ee728b)
Start importing Assets/FPS/Audio/Music/Wind Ambience.mp3 using Guid(d8003de4be5900347a2c96ef75315675) Importer(815301076,1909f56bfc062723c751e8b465ee728b)  -> (artifact id: 'cd53d62ae8aa58df17a49b95985bbea0') in 0.098625 seconds
  Import took 0.103239 seconds .

